===== S26 PHASE-3 GATE start 2026-06-01T13:02:23Z HEAD 91f00e7c branch feature/quiche-h3-migration-s23 =====
--- df:
/dev/root        67G   51G   16G  77% /
=== STAGE build (--no-run) ===
   Compiling lb-quic v0.1.0 (/home/ubuntu/Code/ExpressGateway/crates/lb-quic)
   Compiling lb-soak v0.1.0 (/home/ubuntu/Code/ExpressGateway/crates/lb-soak)
   Compiling lb-h3-testcodec v0.1.0 (/home/ubuntu/Code/ExpressGateway/crates/lb-h3-testcodec)
   Compiling lb-l7 v0.1.0 (/home/ubuntu/Code/ExpressGateway/crates/lb-l7)
   Compiling lb v0.1.0 (/home/ubuntu/Code/ExpressGateway/crates/lb)
   Compiling lb-integration-tests v0.1.0 (/home/ubuntu/Code/ExpressGateway)
    Finished `test` profile [unoptimized + debuginfo] target(s) in 2m 07s
  Executable unittests src/lib.rs (/home/ubuntu/Code/eg-target/debug/deps/lb-63aa7da8f1a7c2bc)
  Executable unittests src/main.rs (/home/ubuntu/Code/eg-target/debug/deps/expressgateway-f06b92619f786d62)
  Executable tests/informational_pass_through_main.rs (/home/ubuntu/Code/eg-target/debug/deps/informational_pass_through_main-065a88f1a8693b2b)
  Executable tests/panic_abort.rs (/home/ubuntu/Code/eg-target/debug/deps/panic_abort-bec76c4b1fa2e8c5)
  Executable tests/quic_passthrough_audit_throttle_saturation.rs (/home/ubuntu/Code/eg-target/debug/deps/quic_passthrough_audit_throttle_saturation-0a118909c7e26fdd)
  Executable tests/quic_passthrough_bounded_state.rs (/home/ubuntu/Code/eg-target/debug/deps/quic_passthrough_bounded_state-eb4741d8ecefa24c)
  Executable tests/quic_passthrough_cid_migration.rs (/home/ubuntu/Code/eg-target/debug/deps/quic_passthrough_cid_migration-0e9f9ac8cc57f9f8)
  Executable tests/quic_passthrough_e2e.rs (/home/ubuntu/Code/eg-target/debug/deps/quic_passthrough_e2e-afb80c09927a44bd)
  Executable tests/quic_passthrough_metrics.rs (/home/ubuntu/Code/eg-target/debug/deps/quic_passthrough_metrics-091340929db4ed0e)
  Executable tests/quic_passthrough_spoofed_source_e2e.rs (/home/ubuntu/Code/eg-target/debug/deps/quic_passthrough_spoofed_source_e2e-6c3409f28bca8c66)
  Executable tests/quic_passthrough_strict_source_binding.rs (/home/ubuntu/Code/eg-target/debug/deps/quic_passthrough_strict_source_binding-7d85473817e6259c)
  Executable tests/xdp_cap_probe.rs (/home/ubuntu/Code/eg-target/debug/deps/xdp_cap_probe-a1a9daf2d696432c)
  Executable unittests src/lib.rs (/home/ubuntu/Code/eg-target/debug/deps/lb_balancer-a393be4dcf33478d)
  Executable tests/balancer_counter_sync.rs (/home/ubuntu/Code/eg-target/debug/deps/balancer_counter_sync-f86ec8e15519387f)
  Executable tests/loom_atomic_counter.rs (/home/ubuntu/Code/eg-target/debug/deps/loom_atomic_counter-2f13f795a4ceae6c)
  Executable unittests src/lib.rs (/home/ubuntu/Code/eg-target/debug/deps/lb_config-5d91ba725bd4a417)
  Executable unittests src/lib.rs (/home/ubuntu/Code/eg-target/debug/deps/lb_controlplane-8224e41f0b9773e2)
  Executable unittests src/lib.rs (/home/ubuntu/Code/eg-target/debug/deps/lb_core-11694540102b4ce6)
  Executable tests/per_connection_drain.rs (/home/ubuntu/Code/eg-target/debug/deps/per_connection_drain-0d5745dd3e75f40b)
  Executable tests/round8_drain_coordinator.rs (/home/ubuntu/Code/eg-target/debug/deps/round8_drain_coordinator-88a7ed232d5e7b35)
  Executable tests/shutdown.rs (/home/ubuntu/Code/eg-target/debug/deps/shutdown-1f22332843479ffe)
  Executable unittests src/lib.rs (/home/ubuntu/Code/eg-target/debug/deps/lb_cp_client-57501c4884858f60)
  Executable unittests src/lib.rs (/home/ubuntu/Code/eg-target/debug/deps/lb_grpc-8f1c9dc1672bd5e0)
  Executable unittests src/lib.rs (/home/ubuntu/Code/eg-target/debug/deps/lb_h1-8e4a57c52d035e8b)
  Executable tests/proptest_parser.rs (/home/ubuntu/Code/eg-target/debug/deps/proptest_parser-2b6e2be916cb82f8)
  Executable tests/round8_chunk_size_cve_corpus.rs (/home/ubuntu/Code/eg-target/debug/deps/round8_chunk_size_cve_corpus-fe0d463938640902)
  Executable tests/round8_header_name_rfc9110.rs (/home/ubuntu/Code/eg-target/debug/deps/round8_header_name_rfc9110-720cd8ca145f48e7)
  Executable unittests src/lib.rs (/home/ubuntu/Code/eg-target/debug/deps/lb_h2-3f3af0007faad922)
  Executable tests/proptest_hpack.rs (/home/ubuntu/Code/eg-target/debug/deps/proptest_hpack-f2c83d7e00599357)
  Executable tests/round8_h2_cve_corpus.rs (/home/ubuntu/Code/eg-target/debug/deps/round8_h2_cve_corpus-5159851e5bcfc28a)
  Executable tests/round8_padded_frame.rs (/home/ubuntu/Code/eg-target/debug/deps/round8_padded_frame-348489376c51401e)
  Executable unittests src/lib.rs (/home/ubuntu/Code/eg-target/debug/deps/lb_h3_testcodec-480b57041f29f0a9)
  Executable tests/proptest_qpack.rs (/home/ubuntu/Code/eg-target/debug/deps/proptest_qpack-97dfa2994f9f34a7)
  Executable unittests src/lib.rs (/home/ubuntu/Code/eg-target/debug/deps/lb_health-2fb24f0a4f27eb71)
  Executable tests/balancer_counter_sync.rs (/home/ubuntu/Code/eg-target/debug/deps/balancer_counter_sync-e3f3461c3104fbd0)
  Executable tests/balancer_ewma.rs (/home/ubuntu/Code/eg-target/debug/deps/balancer_ewma-5ce0b74c37539774)
  Executable tests/balancer_least_connections.rs (/home/ubuntu/Code/eg-target/debug/deps/balancer_least_connections-f74711ad0ae98614)
  Executable tests/balancer_least_request.rs (/home/ubuntu/Code/eg-target/debug/deps/balancer_least_request-532b1d5ddb20662d)
  Executable tests/balancer_maglev.rs (/home/ubuntu/Code/eg-target/debug/deps/balancer_maglev-da1768212075ad14)
  Executable tests/balancer_p2c.rs (/home/ubuntu/Code/eg-target/debug/deps/balancer_p2c-3b5ef4aa9363ac4d)
  Executable tests/balancer_random.rs (/home/ubuntu/Code/eg-target/debug/deps/balancer_random-1cd73794ed9ca9a5)
  Executable tests/balancer_ring_hash.rs (/home/ubuntu/Code/eg-target/debug/deps/balancer_ring_hash-05da353e83190f95)
  Executable tests/balancer_round_robin.rs (/home/ubuntu/Code/eg-target/debug/deps/balancer_round_robin-4149b541d1e456ac)
  Executable tests/balancer_session_affinity.rs (/home/ubuntu/Code/eg-target/debug/deps/balancer_session_affinity-6c36e7a4d5bec9f1)
  Executable tests/balancer_weighted_random.rs (/home/ubuntu/Code/eg-target/debug/deps/balancer_weighted_random-6d1d2ab9ba76ac9e)
  Executable tests/balancer_weighted_round_robin.rs (/home/ubuntu/Code/eg-target/debug/deps/balancer_weighted_round_robin-7891c26eaecc42d6)
  Executable tests/binary_proto_routing.rs (/home/ubuntu/Code/eg-target/debug/deps/binary_proto_routing-083b1f25e263e647)
  Executable tests/bridging_h1_h1.rs (/home/ubuntu/Code/eg-target/debug/deps/bridging_h1_h1-665aaa87e38f9cdd)
  Executable tests/bridging_h1_h2.rs (/home/ubuntu/Code/eg-target/debug/deps/bridging_h1_h2-b62cc9b0cf1661c9)
  Executable tests/bridging_h1_h3.rs (/home/ubuntu/Code/eg-target/debug/deps/bridging_h1_h3-ce01cc17be4d11d5)
  Executable tests/bridging_h2_h1.rs (/home/ubuntu/Code/eg-target/debug/deps/bridging_h2_h1-8e22c148a19e633d)
  Executable tests/bridging_h2_h2.rs (/home/ubuntu/Code/eg-target/debug/deps/bridging_h2_h2-47c2cef55f13ea26)
  Executable tests/bridging_h2_h3.rs (/home/ubuntu/Code/eg-target/debug/deps/bridging_h2_h3-b251203b7ecc6859)
  Executable tests/bridging_h3_h1.rs (/home/ubuntu/Code/eg-target/debug/deps/bridging_h3_h1-756c469edbabb1f7)
  Executable tests/bridging_h3_h2.rs (/home/ubuntu/Code/eg-target/debug/deps/bridging_h3_h2-369c3f1c998ea2d5)
  Executable tests/bridging_h3_h3.rs (/home/ubuntu/Code/eg-target/debug/deps/bridging_h3_h3-b5c5ba7959d8166d)
  Executable tests/cert_rotation.rs (/home/ubuntu/Code/eg-target/debug/deps/cert_rotation-77d3c4a3cccd8ee8)
  Executable tests/codec_roundtrip_h1.rs (/home/ubuntu/Code/eg-target/debug/deps/codec_roundtrip_h1-c0b2161c0b45db16)
  Executable tests/codec_roundtrip_h2.rs (/home/ubuntu/Code/eg-target/debug/deps/codec_roundtrip_h2-90bf22179623ff91)
  Executable tests/codec_roundtrip_h3.rs (/home/ubuntu/Code/eg-target/debug/deps/codec_roundtrip_h3-f9539ff409f8a533)
  Executable tests/controlplane_ha.rs (/home/ubuntu/Code/eg-target/debug/deps/controlplane_ha-021694bf9a7caddf)
  Executable tests/controlplane_rollback.rs (/home/ubuntu/Code/eg-target/debug/deps/controlplane_rollback-db60ae37b4eb8434)
  Executable tests/controlplane_standalone.rs (/home/ubuntu/Code/eg-target/debug/deps/controlplane_standalone-7f325bc0a3732422)
  Executable tests/grpc_bidi_streaming.rs (/home/ubuntu/Code/eg-target/debug/deps/grpc_bidi_streaming-1cd09a8edd635ea6)
  Executable tests/grpc_client_streaming.rs (/home/ubuntu/Code/eg-target/debug/deps/grpc_client_streaming-3e4612a00a1904c2)
  Executable tests/grpc_deadline.rs (/home/ubuntu/Code/eg-target/debug/deps/grpc_deadline-fc82a05e715176fe)
  Executable tests/grpc_external.rs (/home/ubuntu/Code/eg-target/debug/deps/grpc_external-08d43c483becf3d8)
  Executable tests/grpc_proxy_e2e.rs (/home/ubuntu/Code/eg-target/debug/deps/grpc_proxy_e2e-b2f46a21d6d7a9e8)
  Executable tests/grpc_server_streaming.rs (/home/ubuntu/Code/eg-target/debug/deps/grpc_server_streaming-c767017d79f4af64)
  Executable tests/grpc_status_translation.rs (/home/ubuntu/Code/eg-target/debug/deps/grpc_status_translation-072067bf59a9af7e)
  Executable tests/grpc_unary.rs (/home/ubuntu/Code/eg-target/debug/deps/grpc_unary-64dac422dbf68138)
  Executable tests/h1_proxy_e2e.rs (/home/ubuntu/Code/eg-target/debug/deps/h1_proxy_e2e-99f5ebeb8db51c5f)
  Executable tests/h1_rejects_grpc.rs (/home/ubuntu/Code/eg-target/debug/deps/h1_rejects_grpc-b3118d3f8504d843)
  Executable tests/h1h1_md_streaming_verify.rs (/home/ubuntu/Code/eg-target/debug/deps/h1h1_md_streaming_verify-4a57db531fd729f1)
  Executable tests/h1h2_md_streaming_verify.rs (/home/ubuntu/Code/eg-target/debug/deps/h1h2_md_streaming_verify-6d0c219a3fb9c2ef)
  Executable tests/h1h2_resp_streaming_verify.rs (/home/ubuntu/Code/eg-target/debug/deps/h1h2_resp_streaming_verify-0d80b9db04f403c5)
  Executable tests/h1h3_md_streaming_verify.rs (/home/ubuntu/Code/eg-target/debug/deps/h1h3_md_streaming_verify-a38e3777a9425809)
  Executable tests/h2_proxy_e2e.rs (/home/ubuntu/Code/eg-target/debug/deps/h2_proxy_e2e-192948294116ef0b)
  Executable tests/h2_rapid_reset_goaway_under_load.rs (/home/ubuntu/Code/eg-target/debug/deps/h2_rapid_reset_goaway_under_load-a24eb96157f9ef52)
  Executable tests/h2_security_live.rs (/home/ubuntu/Code/eg-target/debug/deps/h2_security_live-ad687728311e3338)
  Executable tests/h2_validation_before_forward.rs (/home/ubuntu/Code/eg-target/debug/deps/h2_validation_before_forward-eb2d48b5825a9b3d)
  Executable tests/h2h1_md_coverage_driver.rs (/home/ubuntu/Code/eg-target/debug/deps/h2h1_md_coverage_driver-1356e7368b1936b8)
  Executable tests/h2h1_md_streaming_verify.rs (/home/ubuntu/Code/eg-target/debug/deps/h2h1_md_streaming_verify-b29721cb0ded2334)
  Executable tests/h2h2_md_streaming_verify.rs (/home/ubuntu/Code/eg-target/debug/deps/h2h2_md_streaming_verify-3d192c5e25492547)
  Executable tests/h2h3_md_streaming_verify.rs (/home/ubuntu/Code/eg-target/debug/deps/h2h3_md_streaming_verify-7c27d91cbdb1a90b)
  Executable tests/h2spec.rs (/home/ubuntu/Code/eg-target/debug/deps/h2spec-c1f98af6b5105b43)
  Executable tests/h2spec_server_conformance.rs (/home/ubuntu/Code/eg-target/debug/deps/h2spec_server_conformance-5fa111264f84d43a)
  Executable tests/h3_s3_inflight_h1_drain_proof.rs (/home/ubuntu/Code/eg-target/debug/deps/h3_s3_inflight_h1_drain_proof-b6c3f3c8b23d08ff)
  Executable tests/h3_upstream_verify.rs (/home/ubuntu/Code/eg-target/debug/deps/h3_upstream_verify-4b1aa63235ba149c)
  Executable tests/l4_xdp_conntrack.rs (/home/ubuntu/Code/eg-target/debug/deps/l4_xdp_conntrack-952cbadbbd7a921a)
  Executable tests/l4_xdp_hotswap.rs (/home/ubuntu/Code/eg-target/debug/deps/l4_xdp_hotswap-95280be33489aa64)
  Executable tests/l4_xdp_maglev.rs (/home/ubuntu/Code/eg-target/debug/deps/l4_xdp_maglev-266c3be855db8ac3)
  Executable tests/metrics_endpoint.rs (/home/ubuntu/Code/eg-target/debug/deps/metrics_endpoint-b33073550c1a2557)
  Executable tests/metrics_label_shape.rs (/home/ubuntu/Code/eg-target/debug/deps/metrics_label_shape-1dc07812fb480dae)
  Executable tests/proto_translation_e2e.rs (/home/ubuntu/Code/eg-target/debug/deps/proto_translation_e2e-b40876e5bf4bc3f4)
  Executable tests/quic_alpn_h3.rs (/home/ubuntu/Code/eg-target/debug/deps/quic_alpn_h3-1b38fcf28dc50447)
  Executable tests/quic_listener_e2e.rs (/home/ubuntu/Code/eg-target/debug/deps/quic_listener_e2e-4ccd0be2bddc5254)
  Executable tests/quic_native.rs (/home/ubuntu/Code/eg-target/debug/deps/quic_native-0949d322dff9383d)
  Executable tests/reload_zero_drop.rs (/home/ubuntu/Code/eg-target/debug/deps/reload_zero_drop-18e0a96239bd0d44)
  Executable tests/round8_drain_15case.rs (/home/ubuntu/Code/eg-target/debug/deps/round8_drain_15case-1ff1d5de57df3efa)
  Executable tests/s14_cfbw_h1h1.rs (/home/ubuntu/Code/eg-target/debug/deps/s14_cfbw_h1h1-74d886a9814723da)
  Executable tests/security_continuation_flood.rs (/home/ubuntu/Code/eg-target/debug/deps/security_continuation_flood-e314d7515e3bc36f)
  Executable tests/security_hpack_bomb.rs (/home/ubuntu/Code/eg-target/debug/deps/security_hpack_bomb-feb6cbac54abf85f)
  Executable tests/security_qpack_bomb.rs (/home/ubuntu/Code/eg-target/debug/deps/security_qpack_bomb-9dff88bff3095a21)
  Executable tests/security_rapid_reset.rs (/home/ubuntu/Code/eg-target/debug/deps/security_rapid_reset-e9d624b4d2d60091)
  Executable tests/security_slow_post.rs (/home/ubuntu/Code/eg-target/debug/deps/security_slow_post-000cbfb8a68c8087)
  Executable tests/security_slowloris.rs (/home/ubuntu/Code/eg-target/debug/deps/security_slowloris-823e7cf25a156e2a)
  Executable tests/security_smuggling_cl_te.rs (/home/ubuntu/Code/eg-target/debug/deps/security_smuggling_cl_te-ba61a4210c10b116)
  Executable tests/security_smuggling_h2_downgrade.rs (/home/ubuntu/Code/eg-target/debug/deps/security_smuggling_h2_downgrade-21bf5891537386cd)
  Executable tests/security_smuggling_te_cl.rs (/home/ubuntu/Code/eg-target/debug/deps/security_smuggling_te_cl-7dc2bf08d02b36d0)
  Executable tests/security_zero_rtt_replay.rs (/home/ubuntu/Code/eg-target/debug/deps/security_zero_rtt_replay-8ecfbdbaa3624752)
  Executable tests/tls_listener.rs (/home/ubuntu/Code/eg-target/debug/deps/tls_listener-62ecfa565b257c58)
  Executable tests/watchdog_wired.rs (/home/ubuntu/Code/eg-target/debug/deps/watchdog_wired-a869333b5bec2d55)
  Executable tests/ws_autobahn.rs (/home/ubuntu/Code/eg-target/debug/deps/ws_autobahn-fef3f7c9a89db138)
  Executable tests/ws_proxy_e2e.rs (/home/ubuntu/Code/eg-target/debug/deps/ws_proxy_e2e-9d62cec2efd86276)
  Executable unittests src/lib.rs (/home/ubuntu/Code/eg-target/debug/deps/lb_io-d612ff7d98642739)
  Executable tests/miri_ring.rs (/home/ubuntu/Code/eg-target/debug/deps/miri_ring-d9dd0c8c22821e68)
  Executable unittests src/lib.rs (/home/ubuntu/Code/eg-target/debug/deps/lb_l4_xdp-aca0d77e9ba750e2)
  Executable tests/elf_sections.rs (/home/ubuntu/Code/eg-target/debug/deps/elf_sections-0a9da0c7a198bbd8)
  Executable tests/l4_xdp_conntrack.rs (/home/ubuntu/Code/eg-target/debug/deps/l4_xdp_conntrack-1af9e0f256e5bcdd)
  Executable tests/loader_license_assert.rs (/home/ubuntu/Code/eg-target/debug/deps/loader_license_assert-d2b3d26cb774f1b7)
  Executable tests/pod_padding.rs (/home/ubuntu/Code/eg-target/debug/deps/pod_padding-65e68767b8fc4aeb)
  Executable tests/real_elf.rs (/home/ubuntu/Code/eg-target/debug/deps/real_elf-cc74112815ea8ac8)
  Executable tests/round8_acl_admission.rs (/home/ubuntu/Code/eg-target/debug/deps/round8_acl_admission-370601dc97a1fc07)
  Executable tests/round8_atomic_backends.rs (/home/ubuntu/Code/eg-target/debug/deps/round8_atomic_backends-4ad49e4abe3e9acb)
  Executable tests/round8_attach_probe.rs (/home/ubuntu/Code/eg-target/debug/deps/round8_attach_probe-52ab3dc3f37131b3)
  Executable tests/round8_attach_replace.rs (/home/ubuntu/Code/eg-target/debug/deps/round8_attach_replace-7d403353130b9902)
  Executable tests/round8_backend_flags.rs (/home/ubuntu/Code/eg-target/debug/deps/round8_backend_flags-156682999f739f9b)
  Executable tests/round8_backend_sentinel.rs (/home/ubuntu/Code/eg-target/debug/deps/round8_backend_sentinel-3cbea78ee5c89bdf)
  Executable tests/round8_bpffs_check.rs (/home/ubuntu/Code/eg-target/debug/deps/round8_bpffs_check-26c9d3857d6bea3e)
  Executable tests/round8_conntrack_state.rs (/home/ubuntu/Code/eg-target/debug/deps/round8_conntrack_state-ca328a4d9017c10f)
  Executable tests/round8_ena_kernel_blocklist.rs (/home/ubuntu/Code/eg-target/debug/deps/round8_ena_kernel_blocklist-ba936311466c7155)
  Executable tests/round8_fragments.rs (/home/ubuntu/Code/eg-target/debug/deps/round8_fragments-718db766eccd71ee)
  Executable tests/round8_netlink_xdp_query.rs (/home/ubuntu/Code/eg-target/debug/deps/round8_netlink_xdp_query-19c07b08eef1ff74)
  Executable tests/round8_ptr_at_bounds.rs (/home/ubuntu/Code/eg-target/debug/deps/round8_ptr_at_bounds-6fa929352992f0b8)
  Executable tests/round8_synflood_cap.rs (/home/ubuntu/Code/eg-target/debug/deps/round8_synflood_cap-0dd32343f8dfad1e)
  Executable tests/round8_verifier_baseline_70.rs (/home/ubuntu/Code/eg-target/debug/deps/round8_verifier_baseline_70-01af229ed01d5c8e)
  Executable tests/round8_verify_xdp_gate.rs (/home/ubuntu/Code/eg-target/debug/deps/round8_verify_xdp_gate-1f3291640c34f0d8)
  Executable tests/stats_export.rs (/home/ubuntu/Code/eg-target/debug/deps/stats_export-166ebfa87cd14e00)
  Executable tests/xdp_attach_mode.rs (/home/ubuntu/Code/eg-target/debug/deps/xdp_attach_mode-6b43eb9f9bdb2240)
  Executable tests/xdp_link_id_drop_safe.rs (/home/ubuntu/Code/eg-target/debug/deps/xdp_link_id_drop_safe-c0053d3e88c20445)
  Executable tests/xdp_pin_paths.rs (/home/ubuntu/Code/eg-target/debug/deps/xdp_pin_paths-656dd51dc6f71170)
  Executable unittests src/lib.rs (/home/ubuntu/Code/eg-target/debug/deps/lb_l7-f74a9b413c95e8f4)
  Executable tests/bridging_h1_h1.rs (/home/ubuntu/Code/eg-target/debug/deps/bridging_h1_h1-7446ab2fa14a3a5a)
  Executable tests/bridging_h1_h2.rs (/home/ubuntu/Code/eg-target/debug/deps/bridging_h1_h2-85b8c4bda2cbc52c)
  Executable tests/bridging_h1_h3.rs (/home/ubuntu/Code/eg-target/debug/deps/bridging_h1_h3-4a43f64f82a3c38b)
  Executable tests/bridging_h2_h1.rs (/home/ubuntu/Code/eg-target/debug/deps/bridging_h2_h1-b4e980c3f924f55a)
  Executable tests/bridging_h2_h2.rs (/home/ubuntu/Code/eg-target/debug/deps/bridging_h2_h2-c5fb3f332f5c72c3)
  Executable tests/bridging_h2_h3.rs (/home/ubuntu/Code/eg-target/debug/deps/bridging_h2_h3-f3f47e1beef012c1)
  Executable tests/bridging_h3_h1.rs (/home/ubuntu/Code/eg-target/debug/deps/bridging_h3_h1-19e7d754e47bb4d8)
  Executable tests/bridging_h3_h2.rs (/home/ubuntu/Code/eg-target/debug/deps/bridging_h3_h2-9520ba5ed2ffea84)
  Executable tests/bridging_h3_h3.rs (/home/ubuntu/Code/eg-target/debug/deps/bridging_h3_h3-0dc3b06f329caa85)
  Executable tests/h2_authority_host_mismatch.rs (/home/ubuntu/Code/eg-target/debug/deps/h2_authority_host_mismatch-c5a080695dd07141)
  Executable tests/h2_connect_protocol_settings.rs (/home/ubuntu/Code/eg-target/debug/deps/h2_connect_protocol_settings-1d61362570514124)
  Executable tests/h2_to_h1_pseudo_strip.rs (/home/ubuntu/Code/eg-target/debug/deps/h2_to_h1_pseudo_strip-8d41947fe2e04728)
  Executable tests/hop_by_hop_set.rs (/home/ubuntu/Code/eg-target/debug/deps/hop_by_hop_set-078ba5c31e02e8ad)
  Executable tests/informational_responses.rs (/home/ubuntu/Code/eg-target/debug/deps/informational_responses-ddf28be39984f5af)
  Executable tests/round8_authority_enforced.rs (/home/ubuntu/Code/eg-target/debug/deps/round8_authority_enforced-5398b27df74bab86)
  Executable tests/round8_body_overread.rs (/home/ubuntu/Code/eg-target/debug/deps/round8_body_overread-8de1715fc2869cef)
  Executable tests/round8_edge_defaults_table.rs (/home/ubuntu/Code/eg-target/debug/deps/round8_edge_defaults_table-f71a2783231270f9)
  Executable tests/round8_glitches_enforced.rs (/home/ubuntu/Code/eg-target/debug/deps/round8_glitches_enforced-98f5c0f8ee51a9f7)
  Executable tests/round8_keepalive_count_cap.rs (/home/ubuntu/Code/eg-target/debug/deps/round8_keepalive_count_cap-082837b33fcc2c33)
  Executable tests/round8_traceparent_propagation.rs (/home/ubuntu/Code/eg-target/debug/deps/round8_traceparent_propagation-358b984f5375c1a0)
  Executable tests/round8_underscore_policy.rs (/home/ubuntu/Code/eg-target/debug/deps/round8_underscore_policy-f7c5efe07c74a7ac)
  Executable tests/round8_ws_upgrade_defer.rs (/home/ubuntu/Code/eg-target/debug/deps/round8_ws_upgrade_defer-3098ee21c57fc633)
  Executable tests/round8_xff_iteration.rs (/home/ubuntu/Code/eg-target/debug/deps/round8_xff_iteration-5eb45db563e3afee)
  Executable tests/smuggle_matrix.rs (/home/ubuntu/Code/eg-target/debug/deps/smuggle_matrix-9212e65edb8859a2)
  Executable tests/smuggle_wired.rs (/home/ubuntu/Code/eg-target/debug/deps/smuggle_wired-f2a4368f44f35d6b)
  Executable tests/sni_authority_421.rs (/home/ubuntu/Code/eg-target/debug/deps/sni_authority_421-4e25c365d2e5d4be)
  Executable tests/sni_authority_mismatch.rs (/home/ubuntu/Code/eg-target/debug/deps/sni_authority_mismatch-dbb0e2a585c262f2)
  Executable tests/stripped_request_newtype.rs (/home/ubuntu/Code/eg-target/debug/deps/stripped_request_newtype-a4acf4f5b66ffac2)
  Executable tests/trailer_passthrough.rs (/home/ubuntu/Code/eg-target/debug/deps/trailer_passthrough-061f8de8f094f8aa)
  Executable unittests src/lib.rs (/home/ubuntu/Code/eg-target/debug/deps/lb_observability-05faeff2346e5070)
  Executable tests/health_endpoints.rs (/home/ubuntu/Code/eg-target/debug/deps/health_endpoints-c4bf6aef2d26b881)
  Executable tests/log_format.rs (/home/ubuntu/Code/eg-target/debug/deps/log_format-ae1b6c7e3fb8fe2c)
  Executable tests/metrics_xdp_conntrack.rs (/home/ubuntu/Code/eg-target/debug/deps/metrics_xdp_conntrack-853a04fe9d630209)
  Executable tests/metrics_xdp_slots.rs (/home/ubuntu/Code/eg-target/debug/deps/metrics_xdp_slots-76cbc047dfc81831)
  Executable tests/panic_total.rs (/home/ubuntu/Code/eg-target/debug/deps/panic_total-b2e4485fdbdd12bb)
  Executable tests/red_label_budget.rs (/home/ubuntu/Code/eg-target/debug/deps/red_label_budget-db20ea71b0913757)
  Executable tests/tracing_traceparent.rs (/home/ubuntu/Code/eg-target/debug/deps/tracing_traceparent-1ae4e4a269283e71)
  Executable unittests src/lib.rs (/home/ubuntu/Code/eg-target/debug/deps/lb_quic-0e6e4bca75a7e4cf)
  Executable tests/h3_graceful_close.rs (/home/ubuntu/Code/eg-target/debug/deps/h3_graceful_close-f4e5d35a0e57b553)
  Executable tests/h3_h1_bridge_e2e.rs (/home/ubuntu/Code/eg-target/debug/deps/h3_h1_bridge_e2e-0c3f27d4fc9a9999)
  Executable tests/h3_h1_resp_stream_e2e.rs (/home/ubuntu/Code/eg-target/debug/deps/h3_h1_resp_stream_e2e-a4a91b84b2d02139)
  Executable tests/h3_h1_stream_body_e2e.rs (/home/ubuntu/Code/eg-target/debug/deps/h3_h1_stream_body_e2e-7d4f2699317a7d0e)
  Executable tests/h3_h1_stream_body_errors_e2e.rs (/home/ubuntu/Code/eg-target/debug/deps/h3_h1_stream_body_errors_e2e-d99532273bbd3e91)
  Executable tests/h3_h1_trailers_resp_e2e.rs (/home/ubuntu/Code/eg-target/debug/deps/h3_h1_trailers_resp_e2e-f79df4f76c8d2002)
  Executable tests/h3_h2_stream_e2e.rs (/home/ubuntu/Code/eg-target/debug/deps/h3_h2_stream_e2e-8d21832f9966b83d)
  Executable tests/h3_h3_stream_e2e.rs (/home/ubuntu/Code/eg-target/debug/deps/h3_h3_stream_e2e-2ac89c9f935595b0)
  Executable tests/listener_lifecycle.rs (/home/ubuntu/Code/eg-target/debug/deps/listener_lifecycle-4102c2012ea0c747)
  Executable tests/passthrough_retry_differential.rs (/home/ubuntu/Code/eg-target/debug/deps/passthrough_retry_differential-3d99ebbf06fdbeee)
  Executable tests/proptest_header.rs (/home/ubuntu/Code/eg-target/debug/deps/proptest_header-f02938fd36b9b6d9)
  Executable tests/public_header_differential.rs (/home/ubuntu/Code/eg-target/debug/deps/public_header_differential-bf79406d6fbd7dd2)
  Executable tests/quic_router_leak.rs (/home/ubuntu/Code/eg-target/debug/deps/quic_router_leak-ea34e3211ffefec9)
  Executable tests/round8_h3_authority_enforced.rs (/home/ubuntu/Code/eg-target/debug/deps/round8_h3_authority_enforced-99cecc8e89b409fd)
  Executable tests/router_accept_path.rs (/home/ubuntu/Code/eg-target/debug/deps/router_accept_path-64c44b892fc3e37e)
  Executable tests/s16_b1_two_connections.rs (/home/ubuntu/Code/eg-target/debug/deps/s16_b1_two_connections-40ac70fbc2923068)
  Executable tests/s16_b2_backpressure.rs (/home/ubuntu/Code/eg-target/debug/deps/s16_b2_backpressure-6b44986d1be3bf8a)
  Executable tests/s16_b2_multistream.rs (/home/ubuntu/Code/eg-target/debug/deps/s16_b2_multistream-3d3c8940646807b0)
  Executable tests/s16_b2_reset_not_fin.rs (/home/ubuntu/Code/eg-target/debug/deps/s16_b2_reset_not_fin-b5906b869e66f798)
  Executable tests/s16_b2_stream_relay_smoke.rs (/home/ubuntu/Code/eg-target/debug/deps/s16_b2_stream_relay_smoke-62f67330ee3c1ae9)
  Executable tests/s16_b3_reset_propagation_smoke.rs (/home/ubuntu/Code/eg-target/debug/deps/s16_b3_reset_propagation_smoke-cc4a24eb45df16cd)
  Executable tests/s16_b3_reset_propagation_verify.rs (/home/ubuntu/Code/eg-target/debug/deps/s16_b3_reset_propagation_verify-fac80a6dc0159478)
  Executable tests/s16_raw_proxy_smoke.rs (/home/ubuntu/Code/eg-target/debug/deps/s16_raw_proxy_smoke-2205c3eeae0e1176)
  Executable tests/s19_b4_datagram_relay_smoke.rs (/home/ubuntu/Code/eg-target/debug/deps/s19_b4_datagram_relay_smoke-cd4307f4fd210229)
  Executable tests/s19_b4_datagram_verify.rs (/home/ubuntu/Code/eg-target/debug/deps/s19_b4_datagram_verify-3d3ac40f4a57d3ef)
  Executable tests/s19_b5_stream_flood.rs (/home/ubuntu/Code/eg-target/debug/deps/s19_b5_stream_flood-7f5031acb096a3df)
  Executable tests/s19_b5_verify.rs (/home/ubuntu/Code/eg-target/debug/deps/s19_b5_verify-e3b44be909ade1dc)
  Executable tests/s19_b6_metrics_nonvacuous.rs (/home/ubuntu/Code/eg-target/debug/deps/s19_b6_metrics_nonvacuous-9cea7c1f76cbc2b2)
  Executable tests/s19_b6_two_connections.rs (/home/ubuntu/Code/eg-target/debug/deps/s19_b6_two_connections-c5e16ffbab776117)
  Executable tests/s19_b6_zero_rtt_rejection.rs (/home/ubuntu/Code/eg-target/debug/deps/s19_b6_zero_rtt_rejection-cda2cfe22177ad05)
  Executable unittests src/lib.rs (/home/ubuntu/Code/eg-target/debug/deps/lb_security-eee188dab067b39c)
  Executable tests/conn_gate.rs (/home/ubuntu/Code/eg-target/debug/deps/conn_gate-6f270845e8bc7847)
  Executable tests/hooks_impl.rs (/home/ubuntu/Code/eg-target/debug/deps/hooks_impl-bb6e0b77d0dbc22e)
  Executable tests/slowloris_watchdog.rs (/home/ubuntu/Code/eg-target/debug/deps/slowloris_watchdog-56ce76b7a6a57caf)
  Executable tests/smuggle_strict_te.rs (/home/ubuntu/Code/eg-target/debug/deps/smuggle_strict_te-2ab3497b1fe48e82)
  Executable tests/timeout_accept.rs (/home/ubuntu/Code/eg-target/debug/deps/timeout_accept-8189ec6067869f4d)
  Executable tests/tls_versions.rs (/home/ubuntu/Code/eg-target/debug/deps/tls_versions-74278d16fd87300f)
  Executable tests/zero_rtt_replay_window.rs (/home/ubuntu/Code/eg-target/debug/deps/zero_rtt_replay_window-cb894aba3e0915f8)
  Executable unittests src/lib.rs (/home/ubuntu/Code/eg-target/debug/deps/lb_soak-53f0a6948aefeca4)
  Executable unittests src/bin/eg-soak.rs (/home/ubuntu/Code/eg-target/debug/deps/eg_soak-357f1e1ed6af75a6)
BUILD_RC=0
=== STAGE TEST PASS 1 2026-06-01T13:04:31Z ===
PASS1 rc=0 passed=1442 failed=0 ignored=17
=== STAGE TEST PASS 2 2026-06-01T13:15:12Z ===
PASS2 rc=0 passed=1442 failed=0 ignored=17
=== STAGE TEST PASS 3 2026-06-01T13:25:50Z ===
PASS3 rc=0 passed=1442 failed=0 ignored=17
=== STAGE clippy ===
    Checking lb-h3-testcodec v0.1.0 (/home/ubuntu/Code/ExpressGateway/crates/lb-h3-testcodec)
    Finished `dev` profile [unoptimized + debuginfo] target(s) in 1.08s
CLIPPY_RC=0
=== STAGE fmt --check ===
FMT_RC=0
--- df after:
/dev/root        67G   62G  5.6G  92% /
===== S26 PHASE-3 GATE end 2026-06-01T13:36:28Z =====
S26-PHASE3-DONE rc=0
